<?xml version="1.0" encoding="UTF-8"?>
<!-- Generated by org.testng.reporters.JUnitXMLReporter -->
<testsuite ignored="3" hostname="DESKTOP-EUND80C" failures="0" tests="1" name="Default test" time="23.736" errors="0" timestamp="2023-12-07T17:54:34 EST">
  <testcase classname="com.crm.qa.testcases.TaskPageTest" name="delateTaskTest" time="9.883"/>
  <testcase classname="com.crm.qa.testcases.TaskPageTest" name="addNewTaskTest" time="0.0">
    <ignored/>
  </testcase> <!-- addNewTaskTest -->
  <testcase classname="com.crm.qa.testcases.TaskPageTest" name="verifyaddedtaskTest" time="0.0">
    <ignored/>
  </testcase> <!-- verifyaddedtaskTest -->
  <testcase classname="com.crm.qa.testcases.TaskPageTest" name="taskPageValidationTest" time="0.0">
    <ignored/>
  </testcase> <!-- taskPageValidationTest -->
</testsuite> <!-- Default test -->
