<?xml version="1.0" encoding="UTF-8"?>
<!-- Generated by org.testng.reporters.JUnitXMLReporter -->
<testsuite ignored="0" hostname="DESKTOP-EUND80C" failures="0" tests="3" name="Default test" time="60.385" errors="0" timestamp="2023-12-06T14:27:44 EST">
  <testcase classname="com.crm.qa.testcases.HomePageTest" name="varifyHomePageTitle" time="0.041"/>
  <testcase classname="com.crm.qa.testcases.HomePageTest" name="verifyUserNameTest" time="0.08"/>
  <testcase classname="com.crm.qa.testcases.HomePageTest" name="verifycontect" time="1.253"/>
</testsuite> <!-- Default test -->
