<?xml version="1.0" encoding="UTF-8"?>
<!-- Generated by org.testng.reporters.JUnitXMLReporter -->
<testsuite ignored="0" hostname="DESKTOP-EUND80C" failures="0" tests="25" name="Test" time="526.288" errors="0" timestamp="2023-12-18T21:16:06 EST">
  <testcase classname="com.crm.qa.testcases.LoginPageTest" name="loginPageTitleTest" time="3.039"/>
  <testcase classname="com.crm.qa.testcases.LoginPageTest" name="logoImageTest" time="0.106"/>
  <testcase classname="com.crm.qa.testcases.HomePageTest" name="varifyHomePageTitle" time="0.031"/>
  <testcase classname="com.crm.qa.testcases.HomePageTest" name="verifyUserNameTest" time="0.066"/>
  <testcase classname="com.crm.qa.testcases.HomePageTest" name="verifycontect" time="1.236"/>
  <testcase classname="com.crm.qa.testcases.ContactsPageTest" name="contactLabelIsDisplayTest" time="0.975"/>
  <testcase classname="com.crm.qa.testcases.ContactsPageTest" name="CheckboxClickTest" time="1.33"/>
  <testcase classname="com.crm.qa.testcases.ContactsPageTest" name="validateCreateNewContact" time="3.832"/>
  <testcase classname="com.crm.qa.testcases.ContactsPageTest" name="validateCreateNewContact" time="7.31"/>
  <testcase classname="com.crm.qa.testcases.ContactsPageTest" name="validateCreateNewContact" time="7.491"/>
  <testcase classname="com.crm.qa.testcases.ContactsPageTest" name="validateCreateNewContact" time="7.744"/>
  <testcase classname="com.crm.qa.testcases.ContactsPageTest" name="delateContectsTest" time="51.242"/>
  <testcase classname="com.crm.qa.testcases.DealPageTest" name="dealPageValidationTest" time="1.136"/>
  <testcase classname="com.crm.qa.testcases.DealPageTest" name="addNewDealTest" time="5.092"/>
  <testcase classname="com.crm.qa.testcases.DealPageTest" name="addNewDealTest" time="5.11"/>
  <testcase classname="com.crm.qa.testcases.DealPageTest" name="addNewDealTest" time="5.126"/>
  <testcase classname="com.crm.qa.testcases.DealPageTest" name="addNewDealTest" time="5.266"/>
  <testcase classname="com.crm.qa.testcases.DealPageTest" name="deleteDealTest" time="46.271"/>
  <testcase classname="com.crm.qa.testcases.TaskPageTest" name="taskPageValidationTest" time="3.028"/>
  <testcase classname="com.crm.qa.testcases.TaskPageTest" name="addNewTaskTest" time="5.278"/>
  <testcase classname="com.crm.qa.testcases.TaskPageTest" name="addNewTaskTest" time="5.381"/>
  <testcase classname="com.crm.qa.testcases.TaskPageTest" name="addNewTaskTest" time="5.331"/>
  <testcase classname="com.crm.qa.testcases.TaskPageTest" name="addNewTaskTest" time="5.316"/>
  <testcase classname="com.crm.qa.testcases.TaskPageTest" name="verifyaddedtaskTest" time="1.023"/>
  <testcase classname="com.crm.qa.testcases.TaskPageTest" name="delateTaskTest" time="20.013"/>
</testsuite> <!-- Test -->
