<?xml version="1.0" encoding="UTF-8"?>
<testng-results ignored="0" total="25" passed="25" failed="0" skipped="0">
  <reporter-output>
  </reporter-output>
  <suite started-at="2023-12-18T21:07:20 EST" name="TestNGSuite" finished-at="2023-12-18T21:16:06 EST" duration-ms="526288">
    <groups>
    </groups>
    <test started-at="2023-12-18T21:07:20 EST" name="Test" finished-at="2023-12-18T21:16:06 EST" duration-ms="526288">
      <class name="com.crm.qa.testcases.HomePageTest">
        <test-method is-config="true" signature="beforeMethod()[pri:0, instance:com.crm.qa.testcases.HomePageTest@4d1bf319]" started-at="2023-12-18T21:07:43 EST" name="beforeMethod" finished-at="2023-12-18T21:08:00 EST" duration-ms="16600" status="PASS">
          <reporter-output>
          </reporter-output>
        </test-method> <!-- beforeMethod -->
        <test-method signature="varifyHomePageTitle()[pri:1, instance:com.crm.qa.testcases.HomePageTest@4d1bf319]" started-at="2023-12-18T21:08:00 EST" name="varifyHomePageTitle" finished-at="2023-12-18T21:08:00 EST" duration-ms="31" status="PASS">
          <reporter-output>
          </reporter-output>
        </test-method> <!-- varifyHomePageTitle -->
        <test-method is-config="true" signature="afterMethod()[pri:0, instance:com.crm.qa.testcases.HomePageTest@4d1bf319]" started-at="2023-12-18T21:08:00 EST" name="afterMethod" finished-at="2023-12-18T21:08:00 EST" duration-ms="345" status="PASS">
          <reporter-output>
          </reporter-output>
        </test-method> <!-- afterMethod -->
        <test-method is-config="true" signature="beforeMethod()[pri:0, instance:com.crm.qa.testcases.HomePageTest@4d1bf319]" started-at="2023-12-18T21:08:00 EST" name="beforeMethod" finished-at="2023-12-18T21:08:16 EST" duration-ms="15928" status="PASS">
          <reporter-output>
          </reporter-output>
        </test-method> <!-- beforeMethod -->
        <test-method signature="verifyUserNameTest()[pri:2, instance:com.crm.qa.testcases.HomePageTest@4d1bf319]" started-at="2023-12-18T21:08:16 EST" name="verifyUserNameTest" finished-at="2023-12-18T21:08:16 EST" duration-ms="66" status="PASS">
          <reporter-output>
          </reporter-output>
        </test-method> <!-- verifyUserNameTest -->
        <test-method is-config="true" signature="afterMethod()[pri:0, instance:com.crm.qa.testcases.HomePageTest@4d1bf319]" started-at="2023-12-18T21:08:16 EST" name="afterMethod" finished-at="2023-12-18T21:08:17 EST" duration-ms="599" status="PASS">
          <reporter-output>
          </reporter-output>
        </test-method> <!-- afterMethod -->
        <test-method is-config="true" signature="beforeMethod()[pri:0, instance:com.crm.qa.testcases.HomePageTest@4d1bf319]" started-at="2023-12-18T21:08:17 EST" name="beforeMethod" finished-at="2023-12-18T21:08:33 EST" duration-ms="16564" status="PASS">
          <reporter-output>
          </reporter-output>
        </test-method> <!-- beforeMethod -->
        <test-method signature="verifycontect()[pri:3, instance:com.crm.qa.testcases.HomePageTest@4d1bf319]" started-at="2023-12-18T21:08:33 EST" name="verifycontect" finished-at="2023-12-18T21:08:35 EST" duration-ms="1236" status="PASS">
          <reporter-output>
          </reporter-output>
        </test-method> <!-- verifycontect -->
        <test-method is-config="true" signature="afterMethod()[pri:0, instance:com.crm.qa.testcases.HomePageTest@4d1bf319]" started-at="2023-12-18T21:08:35 EST" name="afterMethod" finished-at="2023-12-18T21:08:35 EST" duration-ms="252" status="PASS">
          <reporter-output>
          </reporter-output>
        </test-method> <!-- afterMethod -->
      </class> <!-- com.crm.qa.testcases.HomePageTest -->
      <class name="com.crm.qa.testcases.ContactsPageTest">
        <test-method is-config="true" signature="beforeMethod()[pri:0, instance:com.crm.qa.testcases.ContactsPageTest@5c80cf32]" started-at="2023-12-18T21:08:35 EST" name="beforeMethod" finished-at="2023-12-18T21:08:46 EST" duration-ms="11425" status="PASS">
          <reporter-output>
          </reporter-output>
        </test-method> <!-- beforeMethod -->
        <test-method signature="contactLabelIsDisplayTest()[pri:1, instance:com.crm.qa.testcases.ContactsPageTest@5c80cf32]" started-at="2023-12-18T21:08:46 EST" name="contactLabelIsDisplayTest" finished-at="2023-12-18T21:08:47 EST" duration-ms="975" status="PASS">
          <reporter-output>
          </reporter-output>
        </test-method> <!-- contactLabelIsDisplayTest -->
        <test-method is-config="true" signature="afterMethod()[pri:0, instance:com.crm.qa.testcases.ContactsPageTest@5c80cf32]" started-at="2023-12-18T21:08:47 EST" name="afterMethod" finished-at="2023-12-18T21:08:51 EST" duration-ms="3292" status="PASS">
          <reporter-output>
          </reporter-output>
        </test-method> <!-- afterMethod -->
        <test-method is-config="true" signature="beforeMethod()[pri:0, instance:com.crm.qa.testcases.ContactsPageTest@5c80cf32]" started-at="2023-12-18T21:08:51 EST" name="beforeMethod" finished-at="2023-12-18T21:09:03 EST" duration-ms="12449" status="PASS">
          <reporter-output>
          </reporter-output>
        </test-method> <!-- beforeMethod -->
        <test-method signature="CheckboxClickTest()[pri:2, instance:com.crm.qa.testcases.ContactsPageTest@5c80cf32]" started-at="2023-12-18T21:09:03 EST" name="CheckboxClickTest" finished-at="2023-12-18T21:09:04 EST" duration-ms="1330" status="PASS">
          <reporter-output>
          </reporter-output>
        </test-method> <!-- CheckboxClickTest -->
        <test-method is-config="true" signature="afterMethod()[pri:0, instance:com.crm.qa.testcases.ContactsPageTest@5c80cf32]" started-at="2023-12-18T21:09:04 EST" name="afterMethod" finished-at="2023-12-18T21:09:08 EST" duration-ms="3249" status="PASS">
          <reporter-output>
          </reporter-output>
        </test-method> <!-- afterMethod -->
        <test-method is-config="true" signature="beforeMethod()[pri:0, instance:com.crm.qa.testcases.ContactsPageTest@5c80cf32]" started-at="2023-12-18T21:09:09 EST" name="beforeMethod" finished-at="2023-12-18T21:09:22 EST" duration-ms="12759" status="PASS">
          <reporter-output>
          </reporter-output>
        </test-method> <!-- beforeMethod -->
        <test-method signature="validateCreateNewContact(java.lang.String,java.lang.String,java.lang.String,java.lang.String)[pri:3, instance:com.crm.qa.testcases.ContactsPageTest@5c80cf32]" started-at="2023-12-18T21:09:22 EST" name="validateCreateNewContact" data-provider="getCRMTestData" finished-at="2023-12-18T21:09:25 EST" duration-ms="3832" status="PASS">
          <params>
            <param index="0">
              <value>
                <![CDATA[Mr.]]>
              </value>
            </param>
            <param index="1">
              <value>
                <![CDATA[prince]]>
              </value>
            </param>
            <param index="2">
              <value>
                <![CDATA[kumar]]>
              </value>
            </param>
            <param index="3">
              <value>
                <![CDATA[Google]]>
              </value>
            </param>
          </params>
          <reporter-output>
          </reporter-output>
        </test-method> <!-- validateCreateNewContact -->
        <test-method is-config="true" signature="afterMethod()[pri:0, instance:com.crm.qa.testcases.ContactsPageTest@5c80cf32]" started-at="2023-12-18T21:09:25 EST" name="afterMethod" finished-at="2023-12-18T21:09:29 EST" duration-ms="3367" status="PASS">
          <reporter-output>
          </reporter-output>
        </test-method> <!-- afterMethod -->
        <test-method is-config="true" signature="beforeMethod()[pri:0, instance:com.crm.qa.testcases.ContactsPageTest@5c80cf32]" started-at="2023-12-18T21:09:29 EST" name="beforeMethod" finished-at="2023-12-18T21:09:36 EST" duration-ms="7697" status="PASS">
          <reporter-output>
          </reporter-output>
        </test-method> <!-- beforeMethod -->
        <test-method signature="validateCreateNewContact(java.lang.String,java.lang.String,java.lang.String,java.lang.String)[pri:3, instance:com.crm.qa.testcases.ContactsPageTest@5c80cf32]" started-at="2023-12-18T21:09:36 EST" name="validateCreateNewContact" data-provider="getCRMTestData" finished-at="2023-12-18T21:09:44 EST" duration-ms="7310" status="PASS">
          <params>
            <param index="0">
              <value>
                <![CDATA[Dr.]]>
              </value>
            </param>
            <param index="1">
              <value>
                <![CDATA[janvi]]>
              </value>
            </param>
            <param index="2">
              <value>
                <![CDATA[prince]]>
              </value>
            </param>
            <param index="3">
              <value>
                <![CDATA[Amazon]]>
              </value>
            </param>
          </params>
          <reporter-output>
          </reporter-output>
        </test-method> <!-- validateCreateNewContact -->
        <test-method is-config="true" signature="afterMethod()[pri:0, instance:com.crm.qa.testcases.ContactsPageTest@5c80cf32]" started-at="2023-12-18T21:09:44 EST" name="afterMethod" finished-at="2023-12-18T21:09:47 EST" duration-ms="3285" status="PASS">
          <reporter-output>
          </reporter-output>
        </test-method> <!-- afterMethod -->
        <test-method is-config="true" signature="beforeMethod()[pri:0, instance:com.crm.qa.testcases.ContactsPageTest@5c80cf32]" started-at="2023-12-18T21:09:47 EST" name="beforeMethod" finished-at="2023-12-18T21:09:56 EST" duration-ms="8478" status="PASS">
          <reporter-output>
          </reporter-output>
        </test-method> <!-- beforeMethod -->
        <test-method signature="validateCreateNewContact(java.lang.String,java.lang.String,java.lang.String,java.lang.String)[pri:3, instance:com.crm.qa.testcases.ContactsPageTest@5c80cf32]" started-at="2023-12-18T21:09:56 EST" name="validateCreateNewContact" data-provider="getCRMTestData" finished-at="2023-12-18T21:10:03 EST" duration-ms="7491" status="PASS">
          <params>
            <param index="0">
              <value>
                <![CDATA[Mr.]]>
              </value>
            </param>
            <param index="1">
              <value>
                <![CDATA[mox]]>
              </value>
            </param>
            <param index="2">
              <value>
                <![CDATA[darji]]>
              </value>
            </param>
            <param index="3">
              <value>
                <![CDATA[Apple]]>
              </value>
            </param>
          </params>
          <reporter-output>
          </reporter-output>
        </test-method> <!-- validateCreateNewContact -->
        <test-method is-config="true" signature="afterMethod()[pri:0, instance:com.crm.qa.testcases.ContactsPageTest@5c80cf32]" started-at="2023-12-18T21:10:03 EST" name="afterMethod" finished-at="2023-12-18T21:10:06 EST" duration-ms="3259" status="PASS">
          <reporter-output>
          </reporter-output>
        </test-method> <!-- afterMethod -->
        <test-method is-config="true" signature="beforeMethod()[pri:0, instance:com.crm.qa.testcases.ContactsPageTest@5c80cf32]" started-at="2023-12-18T21:10:06 EST" name="beforeMethod" finished-at="2023-12-18T21:10:14 EST" duration-ms="7721" status="PASS">
          <reporter-output>
          </reporter-output>
        </test-method> <!-- beforeMethod -->
        <test-method signature="validateCreateNewContact(java.lang.String,java.lang.String,java.lang.String,java.lang.String)[pri:3, instance:com.crm.qa.testcases.ContactsPageTest@5c80cf32]" started-at="2023-12-18T21:10:14 EST" name="validateCreateNewContact" data-provider="getCRMTestData" finished-at="2023-12-18T21:10:22 EST" duration-ms="7744" status="PASS">
          <params>
            <param index="0">
              <value>
                <![CDATA[Mr.]]>
              </value>
            </param>
            <param index="1">
              <value>
                <![CDATA[bhikhabhai]]>
              </value>
            </param>
            <param index="2">
              <value>
                <![CDATA[patel]]>
              </value>
            </param>
            <param index="3">
              <value>
                <![CDATA[Tuxedo]]>
              </value>
            </param>
          </params>
          <reporter-output>
          </reporter-output>
        </test-method> <!-- validateCreateNewContact -->
        <test-method is-config="true" signature="afterMethod()[pri:0, instance:com.crm.qa.testcases.ContactsPageTest@5c80cf32]" started-at="2023-12-18T21:10:22 EST" name="afterMethod" finished-at="2023-12-18T21:10:25 EST" duration-ms="3255" status="PASS">
          <reporter-output>
          </reporter-output>
        </test-method> <!-- afterMethod -->
        <test-method is-config="true" signature="beforeMethod()[pri:0, instance:com.crm.qa.testcases.ContactsPageTest@5c80cf32]" started-at="2023-12-18T21:10:25 EST" name="beforeMethod" finished-at="2023-12-18T21:10:36 EST" duration-ms="11240" status="PASS">
          <reporter-output>
          </reporter-output>
        </test-method> <!-- beforeMethod -->
        <test-method signature="delateContectsTest()[pri:4, instance:com.crm.qa.testcases.ContactsPageTest@5c80cf32]" started-at="2023-12-18T21:10:36 EST" name="delateContectsTest" finished-at="2023-12-18T21:11:27 EST" duration-ms="51242" status="PASS">
          <reporter-output>
          </reporter-output>
        </test-method> <!-- delateContectsTest -->
        <test-method is-config="true" signature="afterMethod()[pri:0, instance:com.crm.qa.testcases.ContactsPageTest@5c80cf32]" started-at="2023-12-18T21:11:27 EST" name="afterMethod" finished-at="2023-12-18T21:11:31 EST" duration-ms="3291" status="PASS">
          <reporter-output>
          </reporter-output>
        </test-method> <!-- afterMethod -->
      </class> <!-- com.crm.qa.testcases.ContactsPageTest -->
      <class name="com.crm.qa.testcases.LoginPageTest">
        <test-method is-config="true" signature="setup()[pri:0, instance:com.crm.qa.testcases.LoginPageTest@7db12bb6]" started-at="2023-12-18T21:07:20 EST" name="setup" finished-at="2023-12-18T21:07:32 EST" duration-ms="12427" status="PASS">
          <reporter-output>
          </reporter-output>
        </test-method> <!-- setup -->
        <test-method signature="loginPageTitleTest()[pri:1, instance:com.crm.qa.testcases.LoginPageTest@7db12bb6]" started-at="2023-12-18T21:07:32 EST" name="loginPageTitleTest" finished-at="2023-12-18T21:07:35 EST" duration-ms="3039" status="PASS">
          <reporter-output>
          </reporter-output>
        </test-method> <!-- loginPageTitleTest -->
        <test-method is-config="true" signature="afterMethod()[pri:0, instance:com.crm.qa.testcases.LoginPageTest@7db12bb6]" started-at="2023-12-18T21:07:35 EST" name="afterMethod" finished-at="2023-12-18T21:07:36 EST" duration-ms="310" status="PASS">
          <reporter-output>
          </reporter-output>
        </test-method> <!-- afterMethod -->
        <test-method is-config="true" signature="setup()[pri:0, instance:com.crm.qa.testcases.LoginPageTest@7db12bb6]" started-at="2023-12-18T21:07:36 EST" name="setup" finished-at="2023-12-18T21:07:43 EST" duration-ms="7279" status="PASS">
          <reporter-output>
          </reporter-output>
        </test-method> <!-- setup -->
        <test-method signature="logoImageTest()[pri:2, instance:com.crm.qa.testcases.LoginPageTest@7db12bb6]" started-at="2023-12-18T21:07:43 EST" name="logoImageTest" finished-at="2023-12-18T21:07:43 EST" duration-ms="106" status="PASS">
          <reporter-output>
          </reporter-output>
        </test-method> <!-- logoImageTest -->
        <test-method is-config="true" signature="afterMethod()[pri:0, instance:com.crm.qa.testcases.LoginPageTest@7db12bb6]" started-at="2023-12-18T21:07:43 EST" name="afterMethod" finished-at="2023-12-18T21:07:43 EST" duration-ms="355" status="PASS">
          <reporter-output>
          </reporter-output>
        </test-method> <!-- afterMethod -->
      </class> <!-- com.crm.qa.testcases.LoginPageTest -->
      <class name="com.crm.qa.testcases.DealPageTest">
        <test-method is-config="true" signature="beforeMethod()[pri:0, instance:com.crm.qa.testcases.DealPageTest@6f01b95f]" started-at="2023-12-18T21:11:31 EST" name="beforeMethod" finished-at="2023-12-18T21:11:43 EST" duration-ms="12425" status="PASS">
          <reporter-output>
          </reporter-output>
        </test-method> <!-- beforeMethod -->
        <test-method signature="dealPageValidationTest()[pri:1, instance:com.crm.qa.testcases.DealPageTest@6f01b95f]" started-at="2023-12-18T21:11:43 EST" name="dealPageValidationTest" finished-at="2023-12-18T21:11:44 EST" duration-ms="1136" status="PASS">
          <reporter-output>
          </reporter-output>
        </test-method> <!-- dealPageValidationTest -->
        <test-method is-config="true" signature="afterMethod()[pri:0, instance:com.crm.qa.testcases.DealPageTest@6f01b95f]" started-at="2023-12-18T21:11:44 EST" name="afterMethod" finished-at="2023-12-18T21:11:45 EST" duration-ms="243" status="PASS">
          <reporter-output>
          </reporter-output>
        </test-method> <!-- afterMethod -->
        <test-method is-config="true" signature="beforeMethod()[pri:0, instance:com.crm.qa.testcases.DealPageTest@6f01b95f]" started-at="2023-12-18T21:11:45 EST" name="beforeMethod" finished-at="2023-12-18T21:11:57 EST" duration-ms="12756" status="PASS">
          <reporter-output>
          </reporter-output>
        </test-method> <!-- beforeMethod -->
        <test-method signature="addNewDealTest(java.lang.String,java.lang.String)[pri:2, instance:com.crm.qa.testcases.DealPageTest@6f01b95f]" started-at="2023-12-18T21:11:57 EST" name="addNewDealTest" data-provider="dealsdata" finished-at="2023-12-18T21:12:02 EST" duration-ms="5092" status="PASS">
          <params>
            <param index="0">
              <value>
                <![CDATA[Black Friday]]>
              </value>
            </param>
            <param index="1">
              <value>
                <![CDATA[Google]]>
              </value>
            </param>
          </params>
          <reporter-output>
          </reporter-output>
        </test-method> <!-- addNewDealTest -->
        <test-method is-config="true" signature="afterMethod()[pri:0, instance:com.crm.qa.testcases.DealPageTest@6f01b95f]" started-at="2023-12-18T21:12:02 EST" name="afterMethod" finished-at="2023-12-18T21:12:03 EST" duration-ms="252" status="PASS">
          <reporter-output>
          </reporter-output>
        </test-method> <!-- afterMethod -->
        <test-method is-config="true" signature="beforeMethod()[pri:0, instance:com.crm.qa.testcases.DealPageTest@6f01b95f]" started-at="2023-12-18T21:12:03 EST" name="beforeMethod" finished-at="2023-12-18T21:12:16 EST" duration-ms="12814" status="PASS">
          <reporter-output>
          </reporter-output>
        </test-method> <!-- beforeMethod -->
        <test-method signature="addNewDealTest(java.lang.String,java.lang.String)[pri:2, instance:com.crm.qa.testcases.DealPageTest@6f01b95f]" started-at="2023-12-18T21:12:16 EST" name="addNewDealTest" data-provider="dealsdata" finished-at="2023-12-18T21:12:21 EST" duration-ms="5110" status="PASS">
          <params>
            <param index="0">
              <value>
                <![CDATA[Wight Monday]]>
              </value>
            </param>
            <param index="1">
              <value>
                <![CDATA[Amazon]]>
              </value>
            </param>
          </params>
          <reporter-output>
          </reporter-output>
        </test-method> <!-- addNewDealTest -->
        <test-method is-config="true" signature="afterMethod()[pri:0, instance:com.crm.qa.testcases.DealPageTest@6f01b95f]" started-at="2023-12-18T21:12:21 EST" name="afterMethod" finished-at="2023-12-18T21:12:21 EST" duration-ms="246" status="PASS">
          <reporter-output>
          </reporter-output>
        </test-method> <!-- afterMethod -->
        <test-method is-config="true" signature="beforeMethod()[pri:0, instance:com.crm.qa.testcases.DealPageTest@6f01b95f]" started-at="2023-12-18T21:12:21 EST" name="beforeMethod" finished-at="2023-12-18T21:12:33 EST" duration-ms="12190" status="PASS">
          <reporter-output>
          </reporter-output>
        </test-method> <!-- beforeMethod -->
        <test-method signature="addNewDealTest(java.lang.String,java.lang.String)[pri:2, instance:com.crm.qa.testcases.DealPageTest@6f01b95f]" started-at="2023-12-18T21:12:33 EST" name="addNewDealTest" data-provider="dealsdata" finished-at="2023-12-18T21:12:38 EST" duration-ms="5126" status="PASS">
          <params>
            <param index="0">
              <value>
                <![CDATA[Thaks Giving]]>
              </value>
            </param>
            <param index="1">
              <value>
                <![CDATA[Apple]]>
              </value>
            </param>
          </params>
          <reporter-output>
          </reporter-output>
        </test-method> <!-- addNewDealTest -->
        <test-method is-config="true" signature="afterMethod()[pri:0, instance:com.crm.qa.testcases.DealPageTest@6f01b95f]" started-at="2023-12-18T21:12:38 EST" name="afterMethod" finished-at="2023-12-18T21:12:39 EST" duration-ms="304" status="PASS">
          <reporter-output>
          </reporter-output>
        </test-method> <!-- afterMethod -->
        <test-method is-config="true" signature="beforeMethod()[pri:0, instance:com.crm.qa.testcases.DealPageTest@6f01b95f]" started-at="2023-12-18T21:12:39 EST" name="beforeMethod" finished-at="2023-12-18T21:12:51 EST" duration-ms="12283" status="PASS">
          <reporter-output>
          </reporter-output>
        </test-method> <!-- beforeMethod -->
        <test-method signature="addNewDealTest(java.lang.String,java.lang.String)[pri:2, instance:com.crm.qa.testcases.DealPageTest@6f01b95f]" started-at="2023-12-18T21:12:51 EST" name="addNewDealTest" data-provider="dealsdata" finished-at="2023-12-18T21:12:56 EST" duration-ms="5266" status="PASS">
          <params>
            <param index="0">
              <value>
                <![CDATA[Canada Day]]>
              </value>
            </param>
            <param index="1">
              <value>
                <![CDATA[Samsung]]>
              </value>
            </param>
          </params>
          <reporter-output>
          </reporter-output>
        </test-method> <!-- addNewDealTest -->
        <test-method is-config="true" signature="afterMethod()[pri:0, instance:com.crm.qa.testcases.DealPageTest@6f01b95f]" started-at="2023-12-18T21:12:56 EST" name="afterMethod" finished-at="2023-12-18T21:12:56 EST" duration-ms="250" status="PASS">
          <reporter-output>
          </reporter-output>
        </test-method> <!-- afterMethod -->
        <test-method is-config="true" signature="beforeMethod()[pri:0, instance:com.crm.qa.testcases.DealPageTest@6f01b95f]" started-at="2023-12-18T21:12:56 EST" name="beforeMethod" finished-at="2023-12-18T21:13:09 EST" duration-ms="13077" status="PASS">
          <reporter-output>
          </reporter-output>
        </test-method> <!-- beforeMethod -->
        <test-method signature="deleteDealTest()[pri:3, instance:com.crm.qa.testcases.DealPageTest@6f01b95f]" started-at="2023-12-18T21:13:09 EST" name="deleteDealTest" finished-at="2023-12-18T21:13:56 EST" duration-ms="46271" status="PASS">
          <reporter-output>
          </reporter-output>
        </test-method> <!-- deleteDealTest -->
        <test-method is-config="true" signature="afterMethod()[pri:0, instance:com.crm.qa.testcases.DealPageTest@6f01b95f]" started-at="2023-12-18T21:13:56 EST" name="afterMethod" finished-at="2023-12-18T21:13:56 EST" duration-ms="327" status="PASS">
          <reporter-output>
          </reporter-output>
        </test-method> <!-- afterMethod -->
      </class> <!-- com.crm.qa.testcases.DealPageTest -->
      <class name="com.crm.qa.testcases.TaskPageTest">
        <test-method is-config="true" signature="beforeMethod()[pri:0, instance:com.crm.qa.testcases.TaskPageTest@1a245833]" started-at="2023-12-18T21:13:56 EST" name="beforeMethod" finished-at="2023-12-18T21:14:08 EST" duration-ms="11521" status="PASS">
          <reporter-output>
          </reporter-output>
        </test-method> <!-- beforeMethod -->
        <test-method signature="taskPageValidationTest()[pri:1, instance:com.crm.qa.testcases.TaskPageTest@1a245833]" started-at="2023-12-18T21:14:08 EST" name="taskPageValidationTest" finished-at="2023-12-18T21:14:11 EST" duration-ms="3028" status="PASS">
          <reporter-output>
          </reporter-output>
        </test-method> <!-- taskPageValidationTest -->
        <test-method is-config="true" signature="afterMethod()[pri:0, instance:com.crm.qa.testcases.TaskPageTest@1a245833]" started-at="2023-12-18T21:14:11 EST" name="afterMethod" finished-at="2023-12-18T21:14:11 EST" duration-ms="227" status="PASS">
          <reporter-output>
          </reporter-output>
        </test-method> <!-- afterMethod -->
        <test-method is-config="true" signature="beforeMethod()[pri:0, instance:com.crm.qa.testcases.TaskPageTest@1a245833]" started-at="2023-12-18T21:14:11 EST" name="beforeMethod" finished-at="2023-12-18T21:14:23 EST" duration-ms="12380" status="PASS">
          <reporter-output>
          </reporter-output>
        </test-method> <!-- beforeMethod -->
        <test-method signature="addNewTaskTest(java.lang.String,java.lang.String,java.lang.String,java.lang.String)[pri:2, instance:com.crm.qa.testcases.TaskPageTest@1a245833]" started-at="2023-12-18T21:14:23 EST" name="addNewTaskTest" data-provider="newTask" finished-at="2023-12-18T21:14:29 EST" duration-ms="5278" status="PASS">
          <params>
            <param index="0">
              <value>
                <![CDATA[Title1]]>
              </value>
            </param>
            <param index="1">
              <value>
                <![CDATA[Black Friday]]>
              </value>
            </param>
            <param index="2">
              <value>
                <![CDATA[Case1]]>
              </value>
            </param>
            <param index="3">
              <value>
                <![CDATA[Google]]>
              </value>
            </param>
          </params>
          <reporter-output>
          </reporter-output>
        </test-method> <!-- addNewTaskTest -->
        <test-method is-config="true" signature="afterMethod()[pri:0, instance:com.crm.qa.testcases.TaskPageTest@1a245833]" started-at="2023-12-18T21:14:29 EST" name="afterMethod" finished-at="2023-12-18T21:14:29 EST" duration-ms="297" status="PASS">
          <reporter-output>
          </reporter-output>
        </test-method> <!-- afterMethod -->
        <test-method is-config="true" signature="beforeMethod()[pri:0, instance:com.crm.qa.testcases.TaskPageTest@1a245833]" started-at="2023-12-18T21:14:29 EST" name="beforeMethod" finished-at="2023-12-18T21:14:41 EST" duration-ms="12127" status="PASS">
          <reporter-output>
          </reporter-output>
        </test-method> <!-- beforeMethod -->
        <test-method signature="addNewTaskTest(java.lang.String,java.lang.String,java.lang.String,java.lang.String)[pri:2, instance:com.crm.qa.testcases.TaskPageTest@1a245833]" started-at="2023-12-18T21:14:41 EST" name="addNewTaskTest" data-provider="newTask" finished-at="2023-12-18T21:14:46 EST" duration-ms="5381" status="PASS">
          <params>
            <param index="0">
              <value>
                <![CDATA[Title2]]>
              </value>
            </param>
            <param index="1">
              <value>
                <![CDATA[Wight Monday]]>
              </value>
            </param>
            <param index="2">
              <value>
                <![CDATA[Case2]]>
              </value>
            </param>
            <param index="3">
              <value>
                <![CDATA[Amazon]]>
              </value>
            </param>
          </params>
          <reporter-output>
          </reporter-output>
        </test-method> <!-- addNewTaskTest -->
        <test-method is-config="true" signature="afterMethod()[pri:0, instance:com.crm.qa.testcases.TaskPageTest@1a245833]" started-at="2023-12-18T21:14:46 EST" name="afterMethod" finished-at="2023-12-18T21:14:47 EST" duration-ms="243" status="PASS">
          <reporter-output>
          </reporter-output>
        </test-method> <!-- afterMethod -->
        <test-method is-config="true" signature="beforeMethod()[pri:0, instance:com.crm.qa.testcases.TaskPageTest@1a245833]" started-at="2023-12-18T21:14:47 EST" name="beforeMethod" finished-at="2023-12-18T21:14:58 EST" duration-ms="11295" status="PASS">
          <reporter-output>
          </reporter-output>
        </test-method> <!-- beforeMethod -->
        <test-method signature="addNewTaskTest(java.lang.String,java.lang.String,java.lang.String,java.lang.String)[pri:2, instance:com.crm.qa.testcases.TaskPageTest@1a245833]" started-at="2023-12-18T21:14:58 EST" name="addNewTaskTest" data-provider="newTask" finished-at="2023-12-18T21:15:03 EST" duration-ms="5331" status="PASS">
          <params>
            <param index="0">
              <value>
                <![CDATA[Title3]]>
              </value>
            </param>
            <param index="1">
              <value>
                <![CDATA[Thaks Giving]]>
              </value>
            </param>
            <param index="2">
              <value>
                <![CDATA[Case3]]>
              </value>
            </param>
            <param index="3">
              <value>
                <![CDATA[Apple]]>
              </value>
            </param>
          </params>
          <reporter-output>
          </reporter-output>
        </test-method> <!-- addNewTaskTest -->
        <test-method is-config="true" signature="afterMethod()[pri:0, instance:com.crm.qa.testcases.TaskPageTest@1a245833]" started-at="2023-12-18T21:15:03 EST" name="afterMethod" finished-at="2023-12-18T21:15:03 EST" duration-ms="241" status="PASS">
          <reporter-output>
          </reporter-output>
        </test-method> <!-- afterMethod -->
        <test-method is-config="true" signature="beforeMethod()[pri:0, instance:com.crm.qa.testcases.TaskPageTest@1a245833]" started-at="2023-12-18T21:15:03 EST" name="beforeMethod" finished-at="2023-12-18T21:15:15 EST" duration-ms="11728" status="PASS">
          <reporter-output>
          </reporter-output>
        </test-method> <!-- beforeMethod -->
        <test-method signature="addNewTaskTest(java.lang.String,java.lang.String,java.lang.String,java.lang.String)[pri:2, instance:com.crm.qa.testcases.TaskPageTest@1a245833]" started-at="2023-12-18T21:15:15 EST" name="addNewTaskTest" data-provider="newTask" finished-at="2023-12-18T21:15:21 EST" duration-ms="5316" status="PASS">
          <params>
            <param index="0">
              <value>
                <![CDATA[Title4]]>
              </value>
            </param>
            <param index="1">
              <value>
                <![CDATA[Canada Day]]>
              </value>
            </param>
            <param index="2">
              <value>
                <![CDATA[Case4]]>
              </value>
            </param>
            <param index="3">
              <value>
                <![CDATA[Samsung]]>
              </value>
            </param>
          </params>
          <reporter-output>
          </reporter-output>
        </test-method> <!-- addNewTaskTest -->
        <test-method is-config="true" signature="afterMethod()[pri:0, instance:com.crm.qa.testcases.TaskPageTest@1a245833]" started-at="2023-12-18T21:15:21 EST" name="afterMethod" finished-at="2023-12-18T21:15:21 EST" duration-ms="260" status="PASS">
          <reporter-output>
          </reporter-output>
        </test-method> <!-- afterMethod -->
        <test-method is-config="true" signature="beforeMethod()[pri:0, instance:com.crm.qa.testcases.TaskPageTest@1a245833]" started-at="2023-12-18T21:15:21 EST" name="beforeMethod" finished-at="2023-12-18T21:15:33 EST" duration-ms="12275" status="PASS">
          <reporter-output>
          </reporter-output>
        </test-method> <!-- beforeMethod -->
        <test-method signature="verifyaddedtaskTest()[pri:3, instance:com.crm.qa.testcases.TaskPageTest@1a245833]" started-at="2023-12-18T21:15:33 EST" name="verifyaddedtaskTest" finished-at="2023-12-18T21:15:34 EST" duration-ms="1023" status="PASS">
          <reporter-output>
          </reporter-output>
        </test-method> <!-- verifyaddedtaskTest -->
        <test-method is-config="true" signature="afterMethod()[pri:0, instance:com.crm.qa.testcases.TaskPageTest@1a245833]" started-at="2023-12-18T21:15:34 EST" name="afterMethod" finished-at="2023-12-18T21:15:34 EST" duration-ms="265" status="PASS">
          <reporter-output>
          </reporter-output>
        </test-method> <!-- afterMethod -->
        <test-method is-config="true" signature="beforeMethod()[pri:0, instance:com.crm.qa.testcases.TaskPageTest@1a245833]" started-at="2023-12-18T21:15:34 EST" name="beforeMethod" finished-at="2023-12-18T21:15:46 EST" duration-ms="11200" status="PASS">
          <reporter-output>
          </reporter-output>
        </test-method> <!-- beforeMethod -->
        <test-method signature="delateTaskTest()[pri:4, instance:com.crm.qa.testcases.TaskPageTest@1a245833]" started-at="2023-12-18T21:15:46 EST" name="delateTaskTest" finished-at="2023-12-18T21:16:06 EST" duration-ms="20013" status="PASS">
          <reporter-output>
          </reporter-output>
        </test-method> <!-- delateTaskTest -->
        <test-method is-config="true" signature="afterMethod()[pri:0, instance:com.crm.qa.testcases.TaskPageTest@1a245833]" started-at="2023-12-18T21:16:06 EST" name="afterMethod" finished-at="2023-12-18T21:16:06 EST" duration-ms="468" status="PASS">
          <reporter-output>
          </reporter-output>
        </test-method> <!-- afterMethod -->
      </class> <!-- com.crm.qa.testcases.TaskPageTest -->
    </test> <!-- Test -->
  </suite> <!-- TestNGSuite -->
</testng-results>
